<?xml version="1.0" encoding="UTF-8"?>
<!-- Generated by org.testng.reporters.JUnitReportReporter -->
<testsuite skipped="0" hostname="Automata" name="ups.test.UpsCrossBrowserTest" tests="4" failures="0" timestamp="16 Jun 2019 15:50:50 GMT" time="11.093" errors="0">
  <testcase name="funLoginMsg" time="0.007" classname="ups.test.UpsCrossBrowserTest"/>
  <testcase name="funLoginMsg" time="0.002" classname="ups.test.UpsCrossBrowserTest"/>
  <testcase name="verifyLoginError" time="7.490" classname="ups.test.UpsCrossBrowserTest"/>
  <testcase name="verifyLoginError" time="3.594" classname="ups.test.UpsCrossBrowserTest"/>
</testsuite> <!-- ups.test.UpsCrossBrowserTest -->
