<?xml version="1.0" encoding="UTF-8"?>
<!-- Generated by org.testng.reporters.JUnitReportReporter -->
<testsuite skipped="0" hostname="Automata" name="ups.test.UpsLoginPageTest" tests="6" failures="0" timestamp="02 Jan 2020 02:24:20 GMT" time="33.222" errors="0">
  <testcase name="funLoginMsg" time="0.004" classname="ups.test.UpsLoginPageTest"/>
  <testcase name="verifyLoginError" time="11.792" classname="ups.test.UpsLoginPageTest"/>
  <testcase name="verifyLoginError" time="5.318" classname="ups.test.UpsLoginPageTest"/>
  <testcase name="verifyLoginError" time="5.294" classname="ups.test.UpsLoginPageTest"/>
  <testcase name="verifyLoginError" time="5.490" classname="ups.test.UpsLoginPageTest"/>
  <testcase name="verifyLoginError" time="5.324" classname="ups.test.UpsLoginPageTest"/>
</testsuite> <!-- ups.test.UpsLoginPageTest -->
