<?xml version="1.0" encoding="UTF-8"?>
<!-- Generated by org.testng.reporters.JUnitReportReporter -->
<testsuite skipped="0" hostname="Automata" name="multi.windows.test.MultiWIndows" tests="1" failures="0" timestamp="16 Jun 2019 15:52:30 GMT" time="4.545" errors="0">
  <testcase name="handleMultiWindows" time="4.545" classname="multi.windows.test.MultiWIndows"/>
</testsuite> <!-- multi.windows.test.MultiWIndows -->
