<?xml version="1.0" encoding="UTF-8"?>
<!-- Generated by org.testng.reporters.JUnitReportReporter -->
<testsuite skipped="0" hostname="Automata" name="ups.test.UpsTrackingPageTest" tests="1" failures="0" timestamp="08 Dec 2019 21:30:27 GMT" time="3.006" errors="0">
  <testcase name="funTrackingMsg" time="3.006" classname="ups.test.UpsTrackingPageTest"/>
</testsuite> <!-- ups.test.UpsTrackingPageTest -->
